INFO:Namespace(arch='vit_large', patch_size=16, momentum_teacher=0.996, use_fp16=False, weight_decay=0.0, weight_decay_end=0.0, clip_grad=3.0, batch_size_per_gpu=45, epochs=100, warmup_epochs=0, freeze_last_layer=0, lr=0.0005, patch_embed_lr_mult=1.0, min_lr=0.0005, optimizer='adamw', drop_path_rate=0.1, loss_weights=[1.0, 1.0, 1.0], use_bn_in_head=False, norm_before_pred=True, instance_out_dim=256, instance_queue_size=65536, instance_temp=0.2, local_group_out_dim=256, local_group_knn_top_n=8, local_group_queue_size=65536, local_group_temp=0.2, group_out_dim=65536, group_bottleneck_dim=256, norm_last_layer=True, group_student_temp=0.1, group_warmup_teacher_temp=0.04, group_teacher_temp=0.04, group_warmup_teacher_temp_epochs=0, global_crops_scale=(0.25, 1.0), local_crops_number=10, local_crops_scale=(0.05, 0.25), timm_auto_augment_par='rand-m9-mstd0.5-inc1', color_aug=False, size_crops=[96], strong_ratio=0.45, re_prob=0.25, vanilla_weak_augmentation=False, prob=0.5, data_path='/scratch/eo41/data/saycam/SAY_5fps_300s_{000000..000009}.tar', output_dir='/scratch/eo41/mugs/models', saveckp_freq=1, seed=0, num_workers=4, dist_url='env://', local_rank=-1, rank=0, world_size=1, use_prefetcher=True, debug=False, ddpjob=False, simple_optimizer=True)
INFO:Namespace(arch='vit_large', patch_size=16, momentum_teacher=0.996, use_fp16=False, weight_decay=0.0, weight_decay_end=0.0, clip_grad=3.0, batch_size_per_gpu=45, epochs=100, warmup_epochs=0, freeze_last_layer=0, lr=0.0005, patch_embed_lr_mult=1.0, min_lr=0.0005, optimizer='adamw', drop_path_rate=0.1, loss_weights=[1.0, 1.0, 1.0], use_bn_in_head=False, norm_before_pred=True, instance_out_dim=256, instance_queue_size=65536, instance_temp=0.2, local_group_out_dim=256, local_group_knn_top_n=8, local_group_queue_size=65536, local_group_temp=0.2, group_out_dim=65536, group_bottleneck_dim=256, norm_last_layer=True, group_student_temp=0.1, group_warmup_teacher_temp=0.04, group_teacher_temp=0.04, group_warmup_teacher_temp_epochs=0, global_crops_scale=(0.25, 1.0), local_crops_number=10, local_crops_scale=(0.05, 0.25), timm_auto_augment_par='rand-m9-mstd0.5-inc1', color_aug=False, size_crops=[96], strong_ratio=0.45, re_prob=0.25, vanilla_weak_augmentation=False, prob=0.5, data_path='/scratch/eo41/data/saycam/SAY_5fps_300s_{000000..000009}.tar', output_dir='/scratch/eo41/mugs/models', saveckp_freq=1, seed=0, num_workers=4, dist_url='env://', local_rank=-1, rank=0, world_size=1, use_prefetcher=True, debug=False, ddpjob=False, simple_optimizer=True)
INFO:Namespace(arch='vit_large', patch_size=16, momentum_teacher=0.996, use_fp16=False, weight_decay=0.0, weight_decay_end=0.0, clip_grad=3.0, batch_size_per_gpu=45, epochs=100, warmup_epochs=0, freeze_last_layer=0, lr=0.0005, patch_embed_lr_mult=1.0, min_lr=0.0005, optimizer='adamw', drop_path_rate=0.1, loss_weights=[1.0, 1.0, 1.0], use_bn_in_head=False, norm_before_pred=True, instance_out_dim=256, instance_queue_size=65536, instance_temp=0.2, local_group_out_dim=256, local_group_knn_top_n=8, local_group_queue_size=65536, local_group_temp=0.2, group_out_dim=65536, group_bottleneck_dim=256, norm_last_layer=True, group_student_temp=0.1, group_warmup_teacher_temp=0.04, group_teacher_temp=0.04, group_warmup_teacher_temp_epochs=0, global_crops_scale=(0.25, 1.0), local_crops_number=10, local_crops_scale=(0.05, 0.25), timm_auto_augment_par='rand-m9-mstd0.5-inc1', color_aug=False, size_crops=[96], strong_ratio=0.45, re_prob=0.25, vanilla_weak_augmentation=False, prob=0.5, data_path='/scratch/eo41/data/saycam/SAY_5fps_300s_{000000..000009}.tar', output_dir='/scratch/eo41/mugs/models', saveckp_freq=1, seed=0, num_workers=4, dist_url='env://', local_rank=-1, rank=0, world_size=1, use_prefetcher=True, debug=False, ddpjob=False, simple_optimizer=True)
INFO:Namespace(arch='vit_large', patch_size=16, momentum_teacher=0.996, use_fp16=False, weight_decay=0.0, weight_decay_end=0.0, clip_grad=3.0, batch_size_per_gpu=45, epochs=100, warmup_epochs=0, freeze_last_layer=0, lr=0.0005, patch_embed_lr_mult=1.0, min_lr=0.0005, optimizer='adamw', drop_path_rate=0.1, loss_weights=[1.0, 1.0, 1.0], use_bn_in_head=False, norm_before_pred=True, instance_out_dim=256, instance_queue_size=65536, instance_temp=0.2, local_group_out_dim=256, local_group_knn_top_n=8, local_group_queue_size=65536, local_group_temp=0.2, group_out_dim=65536, group_bottleneck_dim=256, norm_last_layer=True, group_student_temp=0.1, group_warmup_teacher_temp=0.04, group_teacher_temp=0.04, group_warmup_teacher_temp_epochs=0, global_crops_scale=(0.25, 1.0), local_crops_number=10, local_crops_scale=(0.05, 0.25), timm_auto_augment_par='rand-m9-mstd0.5-inc1', color_aug=False, size_crops=[96], strong_ratio=0.45, re_prob=0.25, vanilla_weak_augmentation=False, prob=0.5, data_path='/scratch/eo41/data/saycam/SAY_5fps_300s_{000000..000009}.tar', output_dir='/scratch/eo41/mugs/models', saveckp_freq=1, seed=0, num_workers=4, dist_url='env://', local_rank=-1, rank=0, world_size=1, use_prefetcher=True, debug=False, ddpjob=False, simple_optimizer=True)
Launced with slurm
Launced with slurm
Launced with slurm
Launced with slurm
world size, rank, gpu, device count: 4 0 0 4
world size, rank, gpu, device count: 4 3 3 4
INFO:Added key: store_based_barrier_key:1 to store for rank: 3
world size, rank, gpu, device count: 4 1 1 4
INFO:Added key: store_based_barrier_key:1 to store for rank: 1
world size, rank, gpu, device count: 4 2 2 4
INFO:Added key: store_based_barrier_key:1 to store for rank: 2
INFO:Added key: store_based_barrier_key:1 to store for rank: 0
INFO:Rank 0: Completed store-based barrier for key:store_based_barrier_key:1 with 4 nodes.
INFO:Rank 2: Completed store-based barrier for key:store_based_barrier_key:1 with 4 nodes.
INFO:Rank 1: Completed store-based barrier for key:store_based_barrier_key:1 with 4 nodes.
INFO:Rank 3: Completed store-based barrier for key:store_based_barrier_key:1 with 4 nodes.
| distributed init (rank 0): env://
| distributed init (rank 2): env://
| distributed init (rank 1): env://
| distributed init (rank 3): env://
git:
  sha: 959f94a293ccf64fbbbbf5a899849dab8981b6b4, status: has uncommited changes, branch: master

arch: vit_large
batch_size_per_gpu: 45
clip_grad: 3.0
color_aug: False
data_path: /scratch/eo41/data/saycam/SAY_5fps_300s_{000000..000009}.tar
ddpjob: False
debug: False
dist_url: env://
drop_path_rate: 0.1
epochs: 100
freeze_last_layer: 0
global_crops_scale: (0.25, 1.0)
gpu: 0
group_bottleneck_dim: 256
group_out_dim: 65536
group_student_temp: 0.1
group_teacher_temp: 0.04
group_warmup_teacher_temp: 0.04
group_warmup_teacher_temp_epochs: 0
instance_out_dim: 256
instance_queue_size: 65536
instance_temp: 0.2
local_crops_number: 10
local_crops_scale: (0.05, 0.25)
local_group_knn_top_n: 8
local_group_out_dim: 256
local_group_queue_size: 65536
local_group_temp: 0.2
local_rank: -1
loss_weights: [1.0, 1.0, 1.0]
lr: 0.0005
min_lr: 0.0005
momentum_teacher: 0.996
norm_before_pred: True
norm_last_layer: True
num_workers: 4
optimizer: adamw
output_dir: /scratch/eo41/mugs/models
patch_embed_lr_mult: 1.0
patch_size: 16
prob: 0.5
rank: 0
re_prob: 0.25
saveckp_freq: 1
seed: 0
simple_optimizer: True
size_crops: [96]
strong_ratio: 0.45
timm_auto_augment_par: rand-m9-mstd0.5-inc1
use_bn_in_head: False
use_fp16: False
use_prefetcher: True
vanilla_weak_augmentation: False
warmup_epochs: 0
weight_decay: 0.0
weight_decay_end: 0.0
world_size: 4
/scratch/eo41/miniconda3/lib/python3.9/site-packages/torchvision/transforms/transforms.py:852: UserWarning: Argument interpolation should be of type InterpolationMode instead of int. Please, use InterpolationMode enum.
  warnings.warn(
/scratch/eo41/miniconda3/lib/python3.9/site-packages/torchvision/transforms/transforms.py:852: UserWarning: Argument interpolation should be of type InterpolationMode instead of int. Please, use InterpolationMode enum.
  warnings.warn(
/scratch/eo41/miniconda3/lib/python3.9/site-packages/torchvision/transforms/transforms.py:852: UserWarning: Argument interpolation should be of type InterpolationMode instead of int. Please, use InterpolationMode enum.
  warnings.warn(
/scratch/eo41/miniconda3/lib/python3.9/site-packages/torchvision/transforms/transforms.py:852: UserWarning: Argument interpolation should be of type InterpolationMode instead of int. Please, use InterpolationMode enum.
  warnings.warn(
Student and Teacher are built: they are both vit_large network.
INFO:Starting Mugs training !
INFO:Starting Mugs training !
INFO:Starting Mugs training !
Loss, optimizer and schedulers ready.
INFO:Starting Mugs training !
/scratch/eo41/miniconda3/lib/python3.9/site-packages/torch/nn/functional.py:3631: UserWarning: Default upsampling behavior when mode=bicubic is changed to align_corners=False since 0.4.0. Please specify align_corners=True if the old behavior is desired. See the documentation of nn.Upsample for details.
  warnings.warn(
/scratch/eo41/miniconda3/lib/python3.9/site-packages/torch/nn/functional.py:3679: UserWarning: The default behavior for interpolate/upsample with float scale_factor changed in 1.6.0 to align with other frameworks/libraries, and now uses scale_factor directly, instead of relying on the computed output size. If you wish to restore the old behavior, please set recompute_scale_factor=True. See the documentation of nn.Upsample for details. 
  warnings.warn(
/scratch/eo41/miniconda3/lib/python3.9/site-packages/torch/nn/functional.py:3631: UserWarning: Default upsampling behavior when mode=bicubic is changed to align_corners=False since 0.4.0. Please specify align_corners=True if the old behavior is desired. See the documentation of nn.Upsample for details.
  warnings.warn(
/scratch/eo41/miniconda3/lib/python3.9/site-packages/torch/nn/functional.py:3679: UserWarning: The default behavior for interpolate/upsample with float scale_factor changed in 1.6.0 to align with other frameworks/libraries, and now uses scale_factor directly, instead of relying on the computed output size. If you wish to restore the old behavior, please set recompute_scale_factor=True. See the documentation of nn.Upsample for details. 
  warnings.warn(
/scratch/eo41/miniconda3/lib/python3.9/site-packages/torch/nn/functional.py:3631: UserWarning: Default upsampling behavior when mode=bicubic is changed to align_corners=False since 0.4.0. Please specify align_corners=True if the old behavior is desired. See the documentation of nn.Upsample for details.
  warnings.warn(
/scratch/eo41/miniconda3/lib/python3.9/site-packages/torch/nn/functional.py:3679: UserWarning: The default behavior for interpolate/upsample with float scale_factor changed in 1.6.0 to align with other frameworks/libraries, and now uses scale_factor directly, instead of relying on the computed output size. If you wish to restore the old behavior, please set recompute_scale_factor=True. See the documentation of nn.Upsample for details. 
  warnings.warn(
/scratch/eo41/miniconda3/lib/python3.9/site-packages/torch/nn/functional.py:3631: UserWarning: Default upsampling behavior when mode=bicubic is changed to align_corners=False since 0.4.0. Please specify align_corners=True if the old behavior is desired. See the documentation of nn.Upsample for details.
  warnings.warn(
/scratch/eo41/miniconda3/lib/python3.9/site-packages/torch/nn/functional.py:3679: UserWarning: The default behavior for interpolate/upsample with float scale_factor changed in 1.6.0 to align with other frameworks/libraries, and now uses scale_factor directly, instead of relying on the computed output size. If you wish to restore the old behavior, please set recompute_scale_factor=True. See the documentation of nn.Upsample for details. 
  warnings.warn(
INFO:Reducer buckets have been rebuilt in this iteration.
INFO:Reducer buckets have been rebuilt in this iteration.
INFO:Reducer buckets have been rebuilt in this iteration.
INFO:Reducer buckets have been rebuilt in this iteration.
INFO:0-epoch (500/5555): total loss 10.116704, instance-sup.: 9.681369,local-group-sup.: 9.664916,group-sup.: 11.003827,, lr 5.0000e-04, wd 0.0000e+00, weak aug. ratio 0.3
INFO:0-epoch (1000/5555): total loss 10.291872, instance-sup.: 9.962722,local-group-sup.: 9.991247,group-sup.: 10.921645,, lr 5.0000e-04, wd 0.0000e+00, weak aug. ratio 0.5
INFO:0-epoch (1500/5555): total loss 10.336743, instance-sup.: 10.085675,local-group-sup.: 10.085047,group-sup.: 10.839505,, lr 5.0000e-04, wd 0.0000e+00, weak aug. ratio 0.6
INFO:0-epoch (2000/5555): total loss 10.332760, instance-sup.: 10.122909,local-group-sup.: 10.122494,group-sup.: 10.752875,, lr 5.0000e-04, wd 0.0000e+00, weak aug. ratio 0.5
INFO:0-epoch (2500/5555): total loss 10.312239, instance-sup.: 10.136603,local-group-sup.: 10.128069,group-sup.: 10.672044,, lr 5.0000e-04, wd 0.0000e+00, weak aug. ratio 0.6
INFO:0-epoch (3000/5555): total loss 10.263872, instance-sup.: 10.102104,local-group-sup.: 10.094387,group-sup.: 10.595124,, lr 5.0000e-04, wd 0.0000e+00, weak aug. ratio 0.6
INFO:0-epoch (3500/5555): total loss 10.222048, instance-sup.: 10.082563,local-group-sup.: 10.062556,group-sup.: 10.521025,, lr 5.0000e-04, wd 0.0000e+00, weak aug. ratio 0.4
INFO:0-epoch (4000/5555): total loss 10.179037, instance-sup.: 10.063232,local-group-sup.: 10.027657,group-sup.: 10.446221,, lr 5.0000e-04, wd 0.0000e+00, weak aug. ratio 0.4
INFO:0-epoch (4500/5555): total loss 10.129499, instance-sup.: 10.022751,local-group-sup.: 9.987355,group-sup.: 10.378390,, lr 5.0000e-04, wd 0.0000e+00, weak aug. ratio 0.6
INFO:0-epoch (5000/5555): total loss 10.082329, instance-sup.: 9.984283,local-group-sup.: 9.950942,group-sup.: 10.311762,, lr 5.0000e-04, wd 0.0000e+00, weak aug. ratio 0.6
INFO:0-epoch (5500/5555): total loss 10.031198, instance-sup.: 9.946362,local-group-sup.: 9.912874,group-sup.: 10.234357,, lr 5.0000e-04, wd 0.0000e+00, weak aug. ratio 0.4
INFO:0-epoch: loss: 10.026201, instance-sup.: 9.943171, local-group-sup.: 9.908323, group-sup.: 10.227108, lr: 0.000500, wd: 0.000000,  remaining time 230.20 hours
INFO:1-epoch (500/5555): total loss 9.288325, instance-sup.: 9.473008,local-group-sup.: 9.381693,group-sup.: 9.010274,, lr 5.0000e-04, wd 0.0000e+00, weak aug. ratio 0.5
INFO:1-epoch (1000/5555): total loss 9.197939, instance-sup.: 9.435097,local-group-sup.: 9.354376,group-sup.: 8.804344,, lr 5.0000e-04, wd 0.0000e+00, weak aug. ratio 0.5
INFO:1-epoch (1500/5555): total loss 9.111666, instance-sup.: 9.397220,local-group-sup.: 9.326947,group-sup.: 8.610831,, lr 5.0000e-04, wd 0.0000e+00, weak aug. ratio 0.5
INFO:1-epoch (2000/5555): total loss 9.039348, instance-sup.: 9.367539,local-group-sup.: 9.297770,group-sup.: 8.452735,, lr 5.0000e-04, wd 0.0000e+00, weak aug. ratio 0.5
INFO:1-epoch (2500/5555): total loss 8.962223, instance-sup.: 9.335919,local-group-sup.: 9.258485,group-sup.: 8.292265,, lr 5.0000e-04, wd 0.0000e+00, weak aug. ratio 0.4
INFO:1-epoch (3000/5555): total loss 8.901476, instance-sup.: 9.310185,local-group-sup.: 9.234287,group-sup.: 8.159955,, lr 5.0000e-04, wd 0.0000e+00, weak aug. ratio 0.5
INFO:1-epoch (3500/5555): total loss 8.837317, instance-sup.: 9.272100,local-group-sup.: 9.204111,group-sup.: 8.035741,, lr 5.0000e-04, wd 0.0000e+00, weak aug. ratio 0.4
INFO:1-epoch (4000/5555): total loss 8.776720, instance-sup.: 9.241329,local-group-sup.: 9.175140,group-sup.: 7.913691,, lr 5.0000e-04, wd 0.0000e+00, weak aug. ratio 0.5
INFO:1-epoch (4500/5555): total loss 8.718402, instance-sup.: 9.211991,local-group-sup.: 9.147293,group-sup.: 7.795920,, lr 5.0000e-04, wd 0.0000e+00, weak aug. ratio 0.5
INFO:1-epoch (5000/5555): total loss 8.662791, instance-sup.: 9.184348,local-group-sup.: 9.120731,group-sup.: 7.683294,, lr 5.0000e-04, wd 0.0000e+00, weak aug. ratio 0.6
INFO:1-epoch (5500/5555): total loss 8.607581, instance-sup.: 9.156041,local-group-sup.: 9.093351,group-sup.: 7.573350,, lr 5.0000e-04, wd 0.0000e+00, weak aug. ratio 0.4
